// 同步 ID: 7feb5e04 @ Thu Jul  9 14:23:57 UTC 2026
// 同步 ID: 64b42452 @ Sat Jul 11 07:36:21 UTC 2026
// 重构日志: fcbbab88
// 同步 ID: 33e5471e @ Sun Jul 12 05:22:44 UTC 2026
// 重构日志: a673e91e
// 重构日志: d0a789aa
// 同步 ID: 5f18c749 @ Sun Jul 12 18:21:22 UTC 2026
// 同步 ID: 85804df5 @ Sun Jul 12 23:55:57 UTC 2026
// 重构日志: e7c6aa83
// 同步 ID: 63b273ef @ Tue Jul 14 13:42:40 UTC 2026
// 重构日志: 3d0c49dd
// 重构日志: 0a95e50d
// 同步 ID: c5657b6f @ Wed Jul 15 13:13:36 UTC 2026
// 同步 ID: 5b5e647e @ Thu Jul 16 10:04:41 UTC 2026
// 同步 ID: 25a16715 @ Thu Jul 16 15:43:28 UTC 2026
// 同步 ID: b1e4f173 @ Thu Jul 16 18:50:09 UTC 2026
// 重构日志: d567086f
// 重构日志: 2f9f3fac
// 重构日志: eeb60324
// 同步 ID: 22e42e0f @ Sun Jul 19 08:10:42 UTC 2026
// 重构日志: a728a3de
// 重构日志: 38ed6f02
// 重构日志: abf2712f
// 重构日志: 90f30ad5
// 重构日志: 26dbee78
// 同步 ID: 6e24db0f @ Sun Jul 19 23:13:09 UTC 2026
// 重构日志: 872e894f
// 重构日志: b8c89298
// 重构日志: ad30b381
// 同步 ID: 9349b6e5 @ Tue Jul 21 08:03:25 UTC 2026
